Base path: C:/Program Files/Unity/Editor/Data
Pipe name: \\.\pipe\UnityShaderCompiler-64bit-2-3488
Cmd: getPlatforms
Cmd: compileSnippet
  error: 2 plat 4 at (40): failed to open source file: 'frag_ao.cginc'\nCompiling Vertex program
  api=4 type=0 insize=1952 outsize=0 kw= ok=0
Cmd: compileSnippet
  error: 2 plat 4 at (40): failed to open source file: 'frag_ao.cginc'\nCompiling Fragment program
  api=4 type=1 insize=1952 outsize=0 kw= ok=0
Cmd: compileSnippet
  error: 2 plat 4 at (40): failed to open source file: 'frag_ao.cginc'\nCompiling Vertex program
  api=4 type=0 insize=2216 outsize=0 kw= ok=0
Cmd: compileSnippet
  error: 2 plat 4 at (40): failed to open source file: 'frag_ao.cginc'\nCompiling Fragment program
  api=4 type=1 insize=2216 outsize=0 kw= ok=0
Cmd: compileSnippet
  error: 2 plat 4 at (40): failed to open source file: 'frag_ao.cginc'\nCompiling Vertex program
  api=4 type=0 insize=2722 outsize=0 kw= ok=0
Cmd: compileSnippet
  error: 2 plat 4 at (40): failed to open source file: 'frag_ao.cginc'\nCompiling Fragment program
  api=4 type=1 insize=2722 outsize=0 kw= ok=0
Cmd: compileSnippet
  error: 2 plat 4 at (40): failed to open source file: 'frag_ao.cginc'\nCompiling Vertex program
  api=4 type=0 insize=2998 outsize=0 kw= ok=0
Cmd: compileSnippet
  error: 2 plat 4 at (40): failed to open source file: 'frag_ao.cginc'\nCompiling Fragment program
  api=4 type=1 insize=2998 outsize=0 kw= ok=0
Cmd: compileSnippet
  error: 2 plat 4 at (40): failed to open source file: 'frag_ao.cginc'\nCompiling Vertex program
  api=4 type=0 insize=1938 outsize=0 kw= ok=0
Cmd: compileSnippet
  error: 2 plat 8 at (40): failed to open source file: 'frag_ao.cginc'\nCompiling Vertex program
  api=8 type=0 insize=1938 outsize=0 kw= ok=0
Cmd: compileSnippet
  error: 2 plat 4 at (40): failed to open source file: 'frag_ao.cginc'\nCompiling Fragment program
  api=4 type=1 insize=1938 outsize=0 kw= ok=0
Cmd: compileSnippet
  error: 2 plat 8 at (40): failed to open source file: 'frag_ao.cginc'\nCompiling Fragment program
  api=8 type=1 insize=1938 outsize=0 kw= ok=0
Unhandled exception: Readfile from pipe failed. GLE=The pipe has been ended.


Quitting shader compiler process
